<?xml version="1.0" encoding="UTF-8"?>
<!-- Generated by org.testng.reporters.JUnitReportReporter -->
<testsuite hostname="LAPTOP-RTTU2H90" failures="0" tests="5" name="javapackage.TestNg2" time="0.008" errors="0" timestamp="2023-01-19T13:45:18 IST" skipped="2">
  <testcase classname="javapackage.TestNg2" name="c" time="0.001"/>
  <system-out/>
  <testcase classname="javapackage.TestNg2" name="c" time="0.001"/>
  <system-out/>
  <testcase classname="javapackage.TestNg2" name="c" time="0.004"/>
  <system-out/>
  <testcase classname="javapackage.TestNg2" name="e" time="0.002">
    <skipped/>
  </testcase> <!-- e -->
  <system-out/>
  <testcase classname="javapackage.TestNg2" name="b">
    <skipped/>
  </testcase> <!-- b -->
  <system-out/>
</testsuite> <!-- javapackage.TestNg2 -->
