<?xml version="1.0" encoding="UTF-8"?>
<!-- Generated by org.testng.reporters.JUnitReportReporter -->
<testsuite hostname="LAPTOP-RTTU2H90" failures="0" tests="4" name="javapackage.TestNG3" time="0.002" errors="0" timestamp="2023-01-19T13:45:18 IST" skipped="1">
  <testcase classname="javapackage.TestNG3" name="c" time="0.001"/>
  <system-out/>
  <testcase classname="javapackage.TestNG3" name="c" time="0.001"/>
  <system-out/>
  <testcase classname="javapackage.TestNG3" name="a" time="0.000"/>
  <system-out/>
  <testcase classname="javapackage.TestNG3" name="b">
    <skipped/>
  </testcase> <!-- b -->
  <system-out/>
</testsuite> <!-- javapackage.TestNG3 -->
