<?xml version="1.0" encoding="UTF-8"?>
<!-- Generated by org.testng.reporters.JUnitReportReporter -->
<testsuite hostname="LAPTOP-RTTU2H90" failures="0" tests="1" name="javapackage.Assertion2" time="0.007" errors="0" timestamp="2023-01-16T15:09:44 IST" skipped="0">
  <testcase classname="javapackage.Assertion2" name="testcase2" time="0.007"/>
  <system-out/>
</testsuite> <!-- javapackage.Assertion2 -->
