<?xml version="1.0" encoding="UTF-8"?>
<!-- Generated by org.testng.reporters.JUnitReportReporter -->
<testsuite hostname="LAPTOP-RTTU2H90" failures="0" tests="2" name="Test.Test2" time="0.002" errors="0" timestamp="2023-01-19T13:46:52 IST" skipped="0">
  <testcase classname="Test.Test2" name="c" time="0.001"/>
  <system-out/>
  <testcase classname="Test.Test2" name="e" time="0.001"/>
  <system-out/>
</testsuite> <!-- Test.Test2 -->
