<?xml version="1.0" encoding="UTF-8"?>
<!-- Generated by org.testng.reporters.JUnitReportReporter -->
<testsuite hostname="LAPTOP-RTTU2H90" failures="0" tests="2" name="Test.Test3" time="0.003" errors="0" timestamp="2023-01-19T13:46:52 IST" skipped="0">
  <testcase classname="Test.Test3" name="f" time="0.001"/>
  <system-out/>
  <testcase classname="Test.Test3" name="g" time="0.002"/>
  <system-out/>
</testsuite> <!-- Test.Test3 -->
