<?xml version="1.0" encoding="UTF-8"?>
<!-- Generated by org.testng.reporters.JUnitReportReporter -->
<testsuite hostname="LAPTOP-RTTU2H90" failures="0" tests="1" name="javapackage.Assertion1" time="12.431" errors="0" timestamp="2023-01-16T14:49:54 IST" skipped="0">
  <testcase classname="javapackage.Assertion1" name="testcase1" time="12.431"/>
  <system-out/>
</testsuite> <!-- javapackage.Assertion1 -->
