<?xml version="1.0" encoding="UTF-8"?>
<!-- Generated by org.testng.reporters.JUnitReportReporter -->
<testsuite hostname="LAPTOP-RTTU2H90" failures="0" tests="2" name="javapackage.TestNg1" time="0.003" errors="0" timestamp="2023-01-19T13:45:18 IST" skipped="0">
  <testcase classname="javapackage.TestNg1" name="a2" time="0.001"/>
  <system-out/>
  <testcase classname="javapackage.TestNg1" name="a1" time="0.002"/>
  <system-out/>
</testsuite> <!-- javapackage.TestNg1 -->
