<?xml version="1.0" encoding="UTF-8"?>
<!-- Generated by org.testng.reporters.JUnitReportReporter -->
<testsuite hostname="LAPTOP-RTTU2H90" failures="0" tests="3" name="javapackage.Futestng" time="4.338" errors="0" timestamp="2023-01-10T22:08:26 IST" skipped="0">
  <testcase classname="javapackage.Futestng" name="a" time="4.109"/>
  <system-out/>
  <testcase classname="javapackage.Futestng" name="b" time="0.060"/>
  <system-out/>
  <testcase classname="javapackage.Futestng" name="c" time="0.169"/>
  <system-out/>
</testsuite> <!-- javapackage.Futestng -->
