<?xml version="1.0" encoding="UTF-8"?>
<!-- Generated by org.testng.reporters.JUnitReportReporter -->
<testsuite hostname="LAPTOP-RTTU2H90" failures="0" tests="2" name="javapackage.Testng4" time="0.010" errors="0" timestamp="2023-01-19T13:45:18 IST" skipped="0">
  <testcase classname="javapackage.Testng4" name="b" time="0.002"/>
  <system-out/>
  <testcase classname="javapackage.Testng4" name="c" time="0.008"/>
  <system-out/>
</testsuite> <!-- javapackage.Testng4 -->
